Build started 11-11-2022 05:28:47.
     1>Project "C:\Users\DELL\OneDrive - BGS & SJB GROUP OF INSTITUTIONS AND HOSPITALS\Documents\Visual Studio 2010\Projects\224101063_digit_recognition\digit_recognition\digit_recognition.vcxproj" on node 2 (build target(s)).
     1>InitializeBuildStatus:
         Creating "Debug\digit_recognition.unsuccessfulbuild" because "AlwaysCreate" was specified.
       ClCompile:
         All outputs are up-to-date.
         c:\Program Files (x86)\Microsoft Visual Studio 10.0\VC\bin\CL.exe /c /ZI /nologo /W3 /WX- /Od /Oy- /D WIN32 /D _DEBUG /D _CONSOLE /D _UNICODE /D UNICODE /Gm /EHsc /RTC1 /MDd /GS /fp:precise /Zc:wchar_t /Zc:forScope /Yu"StdAfx.h" /Fp"Debug\digit_recognition.pch" /Fo"Debug\\" /Fd"Debug\vc100.pdb" /Gd /TP /analyze- /errorReport:prompt digit_recognition.cpp
         digit_recognition.cpp
     1>c:\users\dell\onedrive - bgs & sjb group of institutions and hospitals\documents\visual studio 2010\projects\224101063_digit_recognition\digit_recognition\digit_recognition.cpp(46): warning C4996: 'fopen': This function or variable may be unsafe. Consider using fopen_s instead. To disable deprecation, use _CRT_SECURE_NO_WARNINGS. See online help for details.
                 c:\program files (x86)\microsoft visual studio 10.0\vc\include\stdio.h(234) : see declaration of 'fopen'
     1>c:\users\dell\onedrive - bgs & sjb group of institutions and hospitals\documents\visual studio 2010\projects\224101063_digit_recognition\digit_recognition\digit_recognition.cpp(54): warning C4996: 'fscanf': This function or variable may be unsafe. Consider using fscanf_s instead. To disable deprecation, use _CRT_SECURE_NO_WARNINGS. See online help for details.
                 c:\program files (x86)\microsoft visual studio 10.0\vc\include\stdio.h(253) : see declaration of 'fscanf'
     1>c:\users\dell\onedrive - bgs & sjb group of institutions and hospitals\documents\visual studio 2010\projects\224101063_digit_recognition\digit_recognition\digit_recognition.cpp(59): warning C4996: 'fopen': This function or variable may be unsafe. Consider using fopen_s instead. To disable deprecation, use _CRT_SECURE_NO_WARNINGS. See online help for details.
                 c:\program files (x86)\microsoft visual studio 10.0\vc\include\stdio.h(234) : see declaration of 'fopen'
     1>c:\users\dell\onedrive - bgs & sjb group of institutions and hospitals\documents\visual studio 2010\projects\224101063_digit_recognition\digit_recognition\digit_recognition.cpp(66): warning C4996: 'fscanf': This function or variable may be unsafe. Consider using fscanf_s instead. To disable deprecation, use _CRT_SECURE_NO_WARNINGS. See online help for details.
                 c:\program files (x86)\microsoft visual studio 10.0\vc\include\stdio.h(253) : see declaration of 'fscanf'
     1>c:\users\dell\onedrive - bgs & sjb group of institutions and hospitals\documents\visual studio 2010\projects\224101063_digit_recognition\digit_recognition\digit_recognition.cpp(74): warning C4996: 'fopen': This function or variable may be unsafe. Consider using fopen_s instead. To disable deprecation, use _CRT_SECURE_NO_WARNINGS. See online help for details.
                 c:\program files (x86)\microsoft visual studio 10.0\vc\include\stdio.h(234) : see declaration of 'fopen'
     1>c:\users\dell\onedrive - bgs & sjb group of institutions and hospitals\documents\visual studio 2010\projects\224101063_digit_recognition\digit_recognition\digit_recognition.cpp(79): warning C4996: 'fscanf': This function or variable may be unsafe. Consider using fscanf_s instead. To disable deprecation, use _CRT_SECURE_NO_WARNINGS. See online help for details.
                 c:\program files (x86)\microsoft visual studio 10.0\vc\include\stdio.h(253) : see declaration of 'fscanf'
     1>c:\users\dell\onedrive - bgs & sjb group of institutions and hospitals\documents\visual studio 2010\projects\224101063_digit_recognition\digit_recognition\digit_recognition.cpp(120): warning C4996: 'fopen': This function or variable may be unsafe. Consider using fopen_s instead. To disable deprecation, use _CRT_SECURE_NO_WARNINGS. See online help for details.
                 c:\program files (x86)\microsoft visual studio 10.0\vc\include\stdio.h(234) : see declaration of 'fopen'
     1>c:\users\dell\onedrive - bgs & sjb group of institutions and hospitals\documents\visual studio 2010\projects\224101063_digit_recognition\digit_recognition\digit_recognition.cpp(125): warning C4996: 'fscanf': This function or variable may be unsafe. Consider using fscanf_s instead. To disable deprecation, use _CRT_SECURE_NO_WARNINGS. See online help for details.
                 c:\program files (x86)\microsoft visual studio 10.0\vc\include\stdio.h(253) : see declaration of 'fscanf'
     1>c:\users\dell\onedrive - bgs & sjb group of institutions and hospitals\documents\visual studio 2010\projects\224101063_digit_recognition\digit_recognition\digit_recognition.cpp(164): warning C4101: 'ptr' : unreferenced local variable
     1>c:\users\dell\onedrive - bgs & sjb group of institutions and hospitals\documents\visual studio 2010\projects\224101063_digit_recognition\digit_recognition\digit_recognition.cpp(391): warning C4244: '=' : conversion from 'long double' to 'int', possible loss of data
     1>c:\users\dell\onedrive - bgs & sjb group of institutions and hospitals\documents\visual studio 2010\projects\224101063_digit_recognition\digit_recognition\digit_recognition.cpp(542): warning C4996: 'sprintf': This function or variable may be unsafe. Consider using sprintf_s instead. To disable deprecation, use _CRT_SECURE_NO_WARNINGS. See online help for details.
                 c:\program files (x86)\microsoft visual studio 10.0\vc\include\stdio.h(371) : see declaration of 'sprintf'
     1>c:\users\dell\onedrive - bgs & sjb group of institutions and hospitals\documents\visual studio 2010\projects\224101063_digit_recognition\digit_recognition\digit_recognition.cpp(543): warning C4996: 'strcpy': This function or variable may be unsafe. Consider using strcpy_s instead. To disable deprecation, use _CRT_SECURE_NO_WARNINGS. See online help for details.
                 c:\program files (x86)\microsoft visual studio 10.0\vc\include\string.h(105) : see declaration of 'strcpy'
     1>c:\users\dell\onedrive - bgs & sjb group of institutions and hospitals\documents\visual studio 2010\projects\224101063_digit_recognition\digit_recognition\digit_recognition.cpp(544): warning C4996: 'strcat': This function or variable may be unsafe. Consider using strcat_s instead. To disable deprecation, use _CRT_SECURE_NO_WARNINGS. See online help for details.
                 c:\program files (x86)\microsoft visual studio 10.0\vc\include\string.h(110) : see declaration of 'strcat'
     1>c:\users\dell\onedrive - bgs & sjb group of institutions and hospitals\documents\visual studio 2010\projects\224101063_digit_recognition\digit_recognition\digit_recognition.cpp(545): warning C4996: 'strcat': This function or variable may be unsafe. Consider using strcat_s instead. To disable deprecation, use _CRT_SECURE_NO_WARNINGS. See online help for details.
                 c:\program files (x86)\microsoft visual studio 10.0\vc\include\string.h(110) : see declaration of 'strcat'
     1>c:\users\dell\onedrive - bgs & sjb group of institutions and hospitals\documents\visual studio 2010\projects\224101063_digit_recognition\digit_recognition\digit_recognition.cpp(546): warning C4996: 'strcat': This function or variable may be unsafe. Consider using strcat_s instead. To disable deprecation, use _CRT_SECURE_NO_WARNINGS. See online help for details.
                 c:\program files (x86)\microsoft visual studio 10.0\vc\include\string.h(110) : see declaration of 'strcat'
     1>c:\users\dell\onedrive - bgs & sjb group of institutions and hospitals\documents\visual studio 2010\projects\224101063_digit_recognition\digit_recognition\digit_recognition.cpp(549): warning C4996: 'fopen': This function or variable may be unsafe. Consider using fopen_s instead. To disable deprecation, use _CRT_SECURE_NO_WARNINGS. See online help for details.
                 c:\program files (x86)\microsoft visual studio 10.0\vc\include\stdio.h(234) : see declaration of 'fopen'
     1>c:\users\dell\onedrive - bgs & sjb group of institutions and hospitals\documents\visual studio 2010\projects\224101063_digit_recognition\digit_recognition\digit_recognition.cpp(580): warning C4996: 'sprintf': This function or variable may be unsafe. Consider using sprintf_s instead. To disable deprecation, use _CRT_SECURE_NO_WARNINGS. See online help for details.
                 c:\program files (x86)\microsoft visual studio 10.0\vc\include\stdio.h(371) : see declaration of 'sprintf'
     1>c:\users\dell\onedrive - bgs & sjb group of institutions and hospitals\documents\visual studio 2010\projects\224101063_digit_recognition\digit_recognition\digit_recognition.cpp(581): warning C4996: 'strcpy': This function or variable may be unsafe. Consider using strcpy_s instead. To disable deprecation, use _CRT_SECURE_NO_WARNINGS. See online help for details.
                 c:\program files (x86)\microsoft visual studio 10.0\vc\include\string.h(105) : see declaration of 'strcpy'
     1>c:\users\dell\onedrive - bgs & sjb group of institutions and hospitals\documents\visual studio 2010\projects\224101063_digit_recognition\digit_recognition\digit_recognition.cpp(582): warning C4996: 'strcat': This function or variable may be unsafe. Consider using strcat_s instead. To disable deprecation, use _CRT_SECURE_NO_WARNINGS. See online help for details.
                 c:\program files (x86)\microsoft visual studio 10.0\vc\include\string.h(110) : see declaration of 'strcat'
     1>c:\users\dell\onedrive - bgs & sjb group of institutions and hospitals\documents\visual studio 2010\projects\224101063_digit_recognition\digit_recognition\digit_recognition.cpp(583): warning C4996: 'strcat': This function or variable may be unsafe. Consider using strcat_s instead. To disable deprecation, use _CRT_SECURE_NO_WARNINGS. See online help for details.
                 c:\program files (x86)\microsoft visual studio 10.0\vc\include\string.h(110) : see declaration of 'strcat'
     1>c:\users\dell\onedrive - bgs & sjb group of institutions and hospitals\documents\visual studio 2010\projects\224101063_digit_recognition\digit_recognition\digit_recognition.cpp(584): warning C4996: 'strcat': This function or variable may be unsafe. Consider using strcat_s instead. To disable deprecation, use _CRT_SECURE_NO_WARNINGS. See online help for details.
                 c:\program files (x86)\microsoft visual studio 10.0\vc\include\string.h(110) : see declaration of 'strcat'
     1>c:\users\dell\onedrive - bgs & sjb group of institutions and hospitals\documents\visual studio 2010\projects\224101063_digit_recognition\digit_recognition\digit_recognition.cpp(587): warning C4996: 'fopen': This function or variable may be unsafe. Consider using fopen_s instead. To disable deprecation, use _CRT_SECURE_NO_WARNINGS. See online help for details.
                 c:\program files (x86)\microsoft visual studio 10.0\vc\include\stdio.h(234) : see declaration of 'fopen'
     1>c:\users\dell\onedrive - bgs & sjb group of institutions and hospitals\documents\visual studio 2010\projects\224101063_digit_recognition\digit_recognition\digit_recognition.cpp(619): warning C4996: 'sprintf': This function or variable may be unsafe. Consider using sprintf_s instead. To disable deprecation, use _CRT_SECURE_NO_WARNINGS. See online help for details.
                 c:\program files (x86)\microsoft visual studio 10.0\vc\include\stdio.h(371) : see declaration of 'sprintf'
     1>c:\users\dell\onedrive - bgs & sjb group of institutions and hospitals\documents\visual studio 2010\projects\224101063_digit_recognition\digit_recognition\digit_recognition.cpp(620): warning C4996: 'strcpy': This function or variable may be unsafe. Consider using strcpy_s instead. To disable deprecation, use _CRT_SECURE_NO_WARNINGS. See online help for details.
                 c:\program files (x86)\microsoft visual studio 10.0\vc\include\string.h(105) : see declaration of 'strcpy'
     1>c:\users\dell\onedrive - bgs & sjb group of institutions and hospitals\documents\visual studio 2010\projects\224101063_digit_recognition\digit_recognition\digit_recognition.cpp(621): warning C4996: 'strcat': This function or variable may be unsafe. Consider using strcat_s instead. To disable deprecation, use _CRT_SECURE_NO_WARNINGS. See online help for details.
                 c:\program files (x86)\microsoft visual studio 10.0\vc\include\string.h(110) : see declaration of 'strcat'
     1>c:\users\dell\onedrive - bgs & sjb group of institutions and hospitals\documents\visual studio 2010\projects\224101063_digit_recognition\digit_recognition\digit_recognition.cpp(622): warning C4996: 'strcat': This function or variable may be unsafe. Consider using strcat_s instead. To disable deprecation, use _CRT_SECURE_NO_WARNINGS. See online help for details.
                 c:\program files (x86)\microsoft visual studio 10.0\vc\include\string.h(110) : see declaration of 'strcat'
     1>c:\users\dell\onedrive - bgs & sjb group of institutions and hospitals\documents\visual studio 2010\projects\224101063_digit_recognition\digit_recognition\digit_recognition.cpp(623): warning C4996: 'strcat': This function or variable may be unsafe. Consider using strcat_s instead. To disable deprecation, use _CRT_SECURE_NO_WARNINGS. See online help for details.
                 c:\program files (x86)\microsoft visual studio 10.0\vc\include\string.h(110) : see declaration of 'strcat'
     1>c:\users\dell\onedrive - bgs & sjb group of institutions and hospitals\documents\visual studio 2010\projects\224101063_digit_recognition\digit_recognition\digit_recognition.cpp(626): warning C4996: 'fopen': This function or variable may be unsafe. Consider using fopen_s instead. To disable deprecation, use _CRT_SECURE_NO_WARNINGS. See online help for details.
                 c:\program files (x86)\microsoft visual studio 10.0\vc\include\stdio.h(234) : see declaration of 'fopen'
     1>c:\users\dell\onedrive - bgs & sjb group of institutions and hospitals\documents\visual studio 2010\projects\224101063_digit_recognition\digit_recognition\digit_recognition.cpp(649): warning C4996: 'sprintf': This function or variable may be unsafe. Consider using sprintf_s instead. To disable deprecation, use _CRT_SECURE_NO_WARNINGS. See online help for details.
                 c:\program files (x86)\microsoft visual studio 10.0\vc\include\stdio.h(371) : see declaration of 'sprintf'
     1>c:\users\dell\onedrive - bgs & sjb group of institutions and hospitals\documents\visual studio 2010\projects\224101063_digit_recognition\digit_recognition\digit_recognition.cpp(650): warning C4996: 'strcpy': This function or variable may be unsafe. Consider using strcpy_s instead. To disable deprecation, use _CRT_SECURE_NO_WARNINGS. See online help for details.
                 c:\program files (x86)\microsoft visual studio 10.0\vc\include\string.h(105) : see declaration of 'strcpy'
     1>c:\users\dell\onedrive - bgs & sjb group of institutions and hospitals\documents\visual studio 2010\projects\224101063_digit_recognition\digit_recognition\digit_recognition.cpp(651): warning C4996: 'strcat': This function or variable may be unsafe. Consider using strcat_s instead. To disable deprecation, use _CRT_SECURE_NO_WARNINGS. See online help for details.
                 c:\program files (x86)\microsoft visual studio 10.0\vc\include\string.h(110) : see declaration of 'strcat'
     1>c:\users\dell\onedrive - bgs & sjb group of institutions and hospitals\documents\visual studio 2010\projects\224101063_digit_recognition\digit_recognition\digit_recognition.cpp(652): warning C4996: 'strcat': This function or variable may be unsafe. Consider using strcat_s instead. To disable deprecation, use _CRT_SECURE_NO_WARNINGS. See online help for details.
                 c:\program files (x86)\microsoft visual studio 10.0\vc\include\string.h(110) : see declaration of 'strcat'
     1>c:\users\dell\onedrive - bgs & sjb group of institutions and hospitals\documents\visual studio 2010\projects\224101063_digit_recognition\digit_recognition\digit_recognition.cpp(653): warning C4996: 'strcat': This function or variable may be unsafe. Consider using strcat_s instead. To disable deprecation, use _CRT_SECURE_NO_WARNINGS. See online help for details.
                 c:\program files (x86)\microsoft visual studio 10.0\vc\include\string.h(110) : see declaration of 'strcat'
     1>c:\users\dell\onedrive - bgs & sjb group of institutions and hospitals\documents\visual studio 2010\projects\224101063_digit_recognition\digit_recognition\digit_recognition.cpp(656): warning C4996: 'fopen': This function or variable may be unsafe. Consider using fopen_s instead. To disable deprecation, use _CRT_SECURE_NO_WARNINGS. See online help for details.
                 c:\program files (x86)\microsoft visual studio 10.0\vc\include\stdio.h(234) : see declaration of 'fopen'
     1>c:\users\dell\onedrive - bgs & sjb group of institutions and hospitals\documents\visual studio 2010\projects\224101063_digit_recognition\digit_recognition\digit_recognition.cpp(679): warning C4996: 'sprintf': This function or variable may be unsafe. Consider using sprintf_s instead. To disable deprecation, use _CRT_SECURE_NO_WARNINGS. See online help for details.
                 c:\program files (x86)\microsoft visual studio 10.0\vc\include\stdio.h(371) : see declaration of 'sprintf'
     1>c:\users\dell\onedrive - bgs & sjb group of institutions and hospitals\documents\visual studio 2010\projects\224101063_digit_recognition\digit_recognition\digit_recognition.cpp(680): warning C4996: 'strcpy': This function or variable may be unsafe. Consider using strcpy_s instead. To disable deprecation, use _CRT_SECURE_NO_WARNINGS. See online help for details.
                 c:\program files (x86)\microsoft visual studio 10.0\vc\include\string.h(105) : see declaration of 'strcpy'
     1>c:\users\dell\onedrive - bgs & sjb group of institutions and hospitals\documents\visual studio 2010\projects\224101063_digit_recognition\digit_recognition\digit_recognition.cpp(681): warning C4996: 'strcat': This function or variable may be unsafe. Consider using strcat_s instead. To disable deprecation, use _CRT_SECURE_NO_WARNINGS. See online help for details.
                 c:\program files (x86)\microsoft visual studio 10.0\vc\include\string.h(110) : see declaration of 'strcat'
     1>c:\users\dell\onedrive - bgs & sjb group of institutions and hospitals\documents\visual studio 2010\projects\224101063_digit_recognition\digit_recognition\digit_recognition.cpp(682): warning C4996: 'strcat': This function or variable may be unsafe. Consider using strcat_s instead. To disable deprecation, use _CRT_SECURE_NO_WARNINGS. See online help for details.
                 c:\program files (x86)\microsoft visual studio 10.0\vc\include\string.h(110) : see declaration of 'strcat'
     1>c:\users\dell\onedrive - bgs & sjb group of institutions and hospitals\documents\visual studio 2010\projects\224101063_digit_recognition\digit_recognition\digit_recognition.cpp(683): warning C4996: 'strcat': This function or variable may be unsafe. Consider using strcat_s instead. To disable deprecation, use _CRT_SECURE_NO_WARNINGS. See online help for details.
                 c:\program files (x86)\microsoft visual studio 10.0\vc\include\string.h(110) : see declaration of 'strcat'
     1>c:\users\dell\onedrive - bgs & sjb group of institutions and hospitals\documents\visual studio 2010\projects\224101063_digit_recognition\digit_recognition\digit_recognition.cpp(686): warning C4996: 'fopen': This function or variable may be unsafe. Consider using fopen_s instead. To disable deprecation, use _CRT_SECURE_NO_WARNINGS. See online help for details.
                 c:\program files (x86)\microsoft visual studio 10.0\vc\include\stdio.h(234) : see declaration of 'fopen'
     1>c:\users\dell\onedrive - bgs & sjb group of institutions and hospitals\documents\visual studio 2010\projects\224101063_digit_recognition\digit_recognition\digit_recognition.cpp(711): warning C4996: 'sprintf': This function or variable may be unsafe. Consider using sprintf_s instead. To disable deprecation, use _CRT_SECURE_NO_WARNINGS. See online help for details.
                 c:\program files (x86)\microsoft visual studio 10.0\vc\include\stdio.h(371) : see declaration of 'sprintf'
     1>c:\users\dell\onedrive - bgs & sjb group of institutions and hospitals\documents\visual studio 2010\projects\224101063_digit_recognition\digit_recognition\digit_recognition.cpp(712): warning C4996: 'strcpy': This function or variable may be unsafe. Consider using strcpy_s instead. To disable deprecation, use _CRT_SECURE_NO_WARNINGS. See online help for details.
                 c:\program files (x86)\microsoft visual studio 10.0\vc\include\string.h(105) : see declaration of 'strcpy'
     1>c:\users\dell\onedrive - bgs & sjb group of institutions and hospitals\documents\visual studio 2010\projects\224101063_digit_recognition\digit_recognition\digit_recognition.cpp(713): warning C4996: 'strcat': This function or variable may be unsafe. Consider using strcat_s instead. To disable deprecation, use _CRT_SECURE_NO_WARNINGS. See online help for details.
                 c:\program files (x86)\microsoft visual studio 10.0\vc\include\string.h(110) : see declaration of 'strcat'
     1>c:\users\dell\onedrive - bgs & sjb group of institutions and hospitals\documents\visual studio 2010\projects\224101063_digit_recognition\digit_recognition\digit_recognition.cpp(714): warning C4996: 'strcat': This function or variable may be unsafe. Consider using strcat_s instead. To disable deprecation, use _CRT_SECURE_NO_WARNINGS. See online help for details.
                 c:\program files (x86)\microsoft visual studio 10.0\vc\include\string.h(110) : see declaration of 'strcat'
     1>c:\users\dell\onedrive - bgs & sjb group of institutions and hospitals\documents\visual studio 2010\projects\224101063_digit_recognition\digit_recognition\digit_recognition.cpp(715): warning C4996: 'strcat': This function or variable may be unsafe. Consider using strcat_s instead. To disable deprecation, use _CRT_SECURE_NO_WARNINGS. See online help for details.
                 c:\program files (x86)\microsoft visual studio 10.0\vc\include\string.h(110) : see declaration of 'strcat'
     1>c:\users\dell\onedrive - bgs & sjb group of institutions and hospitals\documents\visual studio 2010\projects\224101063_digit_recognition\digit_recognition\digit_recognition.cpp(718): warning C4996: 'fopen': This function or variable may be unsafe. Consider using fopen_s instead. To disable deprecation, use _CRT_SECURE_NO_WARNINGS. See online help for details.
                 c:\program files (x86)\microsoft visual studio 10.0\vc\include\stdio.h(234) : see declaration of 'fopen'
     1>c:\users\dell\onedrive - bgs & sjb group of institutions and hospitals\documents\visual studio 2010\projects\224101063_digit_recognition\digit_recognition\digit_recognition.cpp(735): warning C4996: 'fopen': This function or variable may be unsafe. Consider using fopen_s instead. To disable deprecation, use _CRT_SECURE_NO_WARNINGS. See online help for details.
                 c:\program files (x86)\microsoft visual studio 10.0\vc\include\stdio.h(234) : see declaration of 'fopen'
     1>c:\users\dell\onedrive - bgs & sjb group of institutions and hospitals\documents\visual studio 2010\projects\224101063_digit_recognition\digit_recognition\digit_recognition.cpp(746): warning C4996: 'fscanf': This function or variable may be unsafe. Consider using fscanf_s instead. To disable deprecation, use _CRT_SECURE_NO_WARNINGS. See online help for details.
                 c:\program files (x86)\microsoft visual studio 10.0\vc\include\stdio.h(253) : see declaration of 'fscanf'
     1>c:\users\dell\onedrive - bgs & sjb group of institutions and hospitals\documents\visual studio 2010\projects\224101063_digit_recognition\digit_recognition\digit_recognition.cpp(755): warning C4996: 'fopen': This function or variable may be unsafe. Consider using fopen_s instead. To disable deprecation, use _CRT_SECURE_NO_WARNINGS. See online help for details.
                 c:\program files (x86)\microsoft visual studio 10.0\vc\include\stdio.h(234) : see declaration of 'fopen'
     1>c:\users\dell\onedrive - bgs & sjb group of institutions and hospitals\documents\visual studio 2010\projects\224101063_digit_recognition\digit_recognition\digit_recognition.cpp(772): warning C4996: 'fscanf': This function or variable may be unsafe. Consider using fscanf_s instead. To disable deprecation, use _CRT_SECURE_NO_WARNINGS. See online help for details.
                 c:\program files (x86)\microsoft visual studio 10.0\vc\include\stdio.h(253) : see declaration of 'fscanf'
     1>c:\users\dell\onedrive - bgs & sjb group of institutions and hospitals\documents\visual studio 2010\projects\224101063_digit_recognition\digit_recognition\digit_recognition.cpp(790): warning C4996: 'fscanf': This function or variable may be unsafe. Consider using fscanf_s instead. To disable deprecation, use _CRT_SECURE_NO_WARNINGS. See online help for details.
                 c:\program files (x86)\microsoft visual studio 10.0\vc\include\stdio.h(253) : see declaration of 'fscanf'
     1>c:\users\dell\onedrive - bgs & sjb group of institutions and hospitals\documents\visual studio 2010\projects\224101063_digit_recognition\digit_recognition\digit_recognition.cpp(738): warning C4101: 'CISarray' : unreferenced local variable
     1>c:\users\dell\onedrive - bgs & sjb group of institutions and hospitals\documents\visual studio 2010\projects\224101063_digit_recognition\digit_recognition\digit_recognition.cpp(733): warning C4101: 'fp' : unreferenced local variable
     1>c:\users\dell\onedrive - bgs & sjb group of institutions and hospitals\documents\visual studio 2010\projects\224101063_digit_recognition\digit_recognition\digit_recognition.cpp(786): warning C4101: 'energyarray' : unreferenced local variable
     1>c:\users\dell\onedrive - bgs & sjb group of institutions and hospitals\documents\visual studio 2010\projects\224101063_digit_recognition\digit_recognition\digit_recognition.cpp(1046): warning C4996: 'sprintf': This function or variable may be unsafe. Consider using sprintf_s instead. To disable deprecation, use _CRT_SECURE_NO_WARNINGS. See online help for details.
                 c:\program files (x86)\microsoft visual studio 10.0\vc\include\stdio.h(371) : see declaration of 'sprintf'
     1>c:\users\dell\onedrive - bgs & sjb group of institutions and hospitals\documents\visual studio 2010\projects\224101063_digit_recognition\digit_recognition\digit_recognition.cpp(1047): warning C4996: 'strcpy': This function or variable may be unsafe. Consider using strcpy_s instead. To disable deprecation, use _CRT_SECURE_NO_WARNINGS. See online help for details.
                 c:\program files (x86)\microsoft visual studio 10.0\vc\include\string.h(105) : see declaration of 'strcpy'
     1>c:\users\dell\onedrive - bgs & sjb group of institutions and hospitals\documents\visual studio 2010\projects\224101063_digit_recognition\digit_recognition\digit_recognition.cpp(1048): warning C4996: 'strcat': This function or variable may be unsafe. Consider using strcat_s instead. To disable deprecation, use _CRT_SECURE_NO_WARNINGS. See online help for details.
                 c:\program files (x86)\microsoft visual studio 10.0\vc\include\string.h(110) : see declaration of 'strcat'
     1>c:\users\dell\onedrive - bgs & sjb group of institutions and hospitals\documents\visual studio 2010\projects\224101063_digit_recognition\digit_recognition\digit_recognition.cpp(1049): warning C4996: 'strcat': This function or variable may be unsafe. Consider using strcat_s instead. To disable deprecation, use _CRT_SECURE_NO_WARNINGS. See online help for details.
                 c:\program files (x86)\microsoft visual studio 10.0\vc\include\string.h(110) : see declaration of 'strcat'
     1>c:\users\dell\onedrive - bgs & sjb group of institutions and hospitals\documents\visual studio 2010\projects\224101063_digit_recognition\digit_recognition\digit_recognition.cpp(1050): warning C4996: 'strcat': This function or variable may be unsafe. Consider using strcat_s instead. To disable deprecation, use _CRT_SECURE_NO_WARNINGS. See online help for details.
                 c:\program files (x86)\microsoft visual studio 10.0\vc\include\string.h(110) : see declaration of 'strcat'
     1>c:\users\dell\onedrive - bgs & sjb group of institutions and hospitals\documents\visual studio 2010\projects\224101063_digit_recognition\digit_recognition\digit_recognition.cpp(1052): warning C4996: 'fopen': This function or variable may be unsafe. Consider using fopen_s instead. To disable deprecation, use _CRT_SECURE_NO_WARNINGS. See online help for details.
                 c:\program files (x86)\microsoft visual studio 10.0\vc\include\stdio.h(234) : see declaration of 'fopen'
     1>c:\users\dell\onedrive - bgs & sjb group of institutions and hospitals\documents\visual studio 2010\projects\224101063_digit_recognition\digit_recognition\digit_recognition.cpp(1055): warning C4996: 'sprintf': This function or variable may be unsafe. Consider using sprintf_s instead. To disable deprecation, use _CRT_SECURE_NO_WARNINGS. See online help for details.
                 c:\program files (x86)\microsoft visual studio 10.0\vc\include\stdio.h(371) : see declaration of 'sprintf'
     1>c:\users\dell\onedrive - bgs & sjb group of institutions and hospitals\documents\visual studio 2010\projects\224101063_digit_recognition\digit_recognition\digit_recognition.cpp(1056): warning C4996: 'strcpy': This function or variable may be unsafe. Consider using strcpy_s instead. To disable deprecation, use _CRT_SECURE_NO_WARNINGS. See online help for details.
                 c:\program files (x86)\microsoft visual studio 10.0\vc\include\string.h(105) : see declaration of 'strcpy'
     1>c:\users\dell\onedrive - bgs & sjb group of institutions and hospitals\documents\visual studio 2010\projects\224101063_digit_recognition\digit_recognition\digit_recognition.cpp(1057): warning C4996: 'strcat': This function or variable may be unsafe. Consider using strcat_s instead. To disable deprecation, use _CRT_SECURE_NO_WARNINGS. See online help for details.
                 c:\program files (x86)\microsoft visual studio 10.0\vc\include\string.h(110) : see declaration of 'strcat'
     1>c:\users\dell\onedrive - bgs & sjb group of institutions and hospitals\documents\visual studio 2010\projects\224101063_digit_recognition\digit_recognition\digit_recognition.cpp(1058): warning C4996: 'strcat': This function or variable may be unsafe. Consider using strcat_s instead. To disable deprecation, use _CRT_SECURE_NO_WARNINGS. See online help for details.
                 c:\program files (x86)\microsoft visual studio 10.0\vc\include\string.h(110) : see declaration of 'strcat'
     1>c:\users\dell\onedrive - bgs & sjb group of institutions and hospitals\documents\visual studio 2010\projects\224101063_digit_recognition\digit_recognition\digit_recognition.cpp(1059): warning C4996: 'strcat': This function or variable may be unsafe. Consider using strcat_s instead. To disable deprecation, use _CRT_SECURE_NO_WARNINGS. See online help for details.
                 c:\program files (x86)\microsoft visual studio 10.0\vc\include\string.h(110) : see declaration of 'strcat'
     1>c:\users\dell\onedrive - bgs & sjb group of institutions and hospitals\documents\visual studio 2010\projects\224101063_digit_recognition\digit_recognition\digit_recognition.cpp(1061): warning C4996: 'fopen': This function or variable may be unsafe. Consider using fopen_s instead. To disable deprecation, use _CRT_SECURE_NO_WARNINGS. See online help for details.
                 c:\program files (x86)\microsoft visual studio 10.0\vc\include\stdio.h(234) : see declaration of 'fopen'
     1>c:\users\dell\onedrive - bgs & sjb group of institutions and hospitals\documents\visual studio 2010\projects\224101063_digit_recognition\digit_recognition\digit_recognition.cpp(1064): warning C4996: 'sprintf': This function or variable may be unsafe. Consider using sprintf_s instead. To disable deprecation, use _CRT_SECURE_NO_WARNINGS. See online help for details.
                 c:\program files (x86)\microsoft visual studio 10.0\vc\include\stdio.h(371) : see declaration of 'sprintf'
     1>c:\users\dell\onedrive - bgs & sjb group of institutions and hospitals\documents\visual studio 2010\projects\224101063_digit_recognition\digit_recognition\digit_recognition.cpp(1065): warning C4996: 'strcpy': This function or variable may be unsafe. Consider using strcpy_s instead. To disable deprecation, use _CRT_SECURE_NO_WARNINGS. See online help for details.
                 c:\program files (x86)\microsoft visual studio 10.0\vc\include\string.h(105) : see declaration of 'strcpy'
     1>c:\users\dell\onedrive - bgs & sjb group of institutions and hospitals\documents\visual studio 2010\projects\224101063_digit_recognition\digit_recognition\digit_recognition.cpp(1066): warning C4996: 'strcat': This function or variable may be unsafe. Consider using strcat_s instead. To disable deprecation, use _CRT_SECURE_NO_WARNINGS. See online help for details.
                 c:\program files (x86)\microsoft visual studio 10.0\vc\include\string.h(110) : see declaration of 'strcat'
     1>c:\users\dell\onedrive - bgs & sjb group of institutions and hospitals\documents\visual studio 2010\projects\224101063_digit_recognition\digit_recognition\digit_recognition.cpp(1067): warning C4996: 'strcat': This function or variable may be unsafe. Consider using strcat_s instead. To disable deprecation, use _CRT_SECURE_NO_WARNINGS. See online help for details.
                 c:\program files (x86)\microsoft visual studio 10.0\vc\include\string.h(110) : see declaration of 'strcat'
     1>c:\users\dell\onedrive - bgs & sjb group of institutions and hospitals\documents\visual studio 2010\projects\224101063_digit_recognition\digit_recognition\digit_recognition.cpp(1068): warning C4996: 'strcat': This function or variable may be unsafe. Consider using strcat_s instead. To disable deprecation, use _CRT_SECURE_NO_WARNINGS. See online help for details.
                 c:\program files (x86)\microsoft visual studio 10.0\vc\include\string.h(110) : see declaration of 'strcat'
     1>c:\users\dell\onedrive - bgs & sjb group of institutions and hospitals\documents\visual studio 2010\projects\224101063_digit_recognition\digit_recognition\digit_recognition.cpp(1070): warning C4996: 'fopen': This function or variable may be unsafe. Consider using fopen_s instead. To disable deprecation, use _CRT_SECURE_NO_WARNINGS. See online help for details.
                 c:\program files (x86)\microsoft visual studio 10.0\vc\include\stdio.h(234) : see declaration of 'fopen'
     1>c:\users\dell\onedrive - bgs & sjb group of institutions and hospitals\documents\visual studio 2010\projects\224101063_digit_recognition\digit_recognition\digit_recognition.cpp(1051): warning C4101: 'ptr' : unreferenced local variable
     1>c:\users\dell\onedrive - bgs & sjb group of institutions and hospitals\documents\visual studio 2010\projects\224101063_digit_recognition\digit_recognition\digit_recognition.cpp(1080): warning C4996: 'sprintf': This function or variable may be unsafe. Consider using sprintf_s instead. To disable deprecation, use _CRT_SECURE_NO_WARNINGS. See online help for details.
                 c:\program files (x86)\microsoft visual studio 10.0\vc\include\stdio.h(371) : see declaration of 'sprintf'
     1>c:\users\dell\onedrive - bgs & sjb group of institutions and hospitals\documents\visual studio 2010\projects\224101063_digit_recognition\digit_recognition\digit_recognition.cpp(1081): warning C4996: 'strcpy': This function or variable may be unsafe. Consider using strcpy_s instead. To disable deprecation, use _CRT_SECURE_NO_WARNINGS. See online help for details.
                 c:\program files (x86)\microsoft visual studio 10.0\vc\include\string.h(105) : see declaration of 'strcpy'
     1>c:\users\dell\onedrive - bgs & sjb group of institutions and hospitals\documents\visual studio 2010\projects\224101063_digit_recognition\digit_recognition\digit_recognition.cpp(1082): warning C4996: 'strcat': This function or variable may be unsafe. Consider using strcat_s instead. To disable deprecation, use _CRT_SECURE_NO_WARNINGS. See online help for details.
                 c:\program files (x86)\microsoft visual studio 10.0\vc\include\string.h(110) : see declaration of 'strcat'
     1>c:\users\dell\onedrive - bgs & sjb group of institutions and hospitals\documents\visual studio 2010\projects\224101063_digit_recognition\digit_recognition\digit_recognition.cpp(1083): warning C4996: 'strcat': This function or variable may be unsafe. Consider using strcat_s instead. To disable deprecation, use _CRT_SECURE_NO_WARNINGS. See online help for details.
                 c:\program files (x86)\microsoft visual studio 10.0\vc\include\string.h(110) : see declaration of 'strcat'
     1>c:\users\dell\onedrive - bgs & sjb group of institutions and hospitals\documents\visual studio 2010\projects\224101063_digit_recognition\digit_recognition\digit_recognition.cpp(1084): warning C4996: 'strcat': This function or variable may be unsafe. Consider using strcat_s instead. To disable deprecation, use _CRT_SECURE_NO_WARNINGS. See online help for details.
                 c:\program files (x86)\microsoft visual studio 10.0\vc\include\string.h(110) : see declaration of 'strcat'
     1>c:\users\dell\onedrive - bgs & sjb group of institutions and hospitals\documents\visual studio 2010\projects\224101063_digit_recognition\digit_recognition\digit_recognition.cpp(1087): warning C4996: 'fopen': This function or variable may be unsafe. Consider using fopen_s instead. To disable deprecation, use _CRT_SECURE_NO_WARNINGS. See online help for details.
                 c:\program files (x86)\microsoft visual studio 10.0\vc\include\stdio.h(234) : see declaration of 'fopen'
     1>c:\users\dell\onedrive - bgs & sjb group of institutions and hospitals\documents\visual studio 2010\projects\224101063_digit_recognition\digit_recognition\digit_recognition.cpp(1096): warning C4996: 'fscanf': This function or variable may be unsafe. Consider using fscanf_s instead. To disable deprecation, use _CRT_SECURE_NO_WARNINGS. See online help for details.
                 c:\program files (x86)\microsoft visual studio 10.0\vc\include\stdio.h(253) : see declaration of 'fscanf'
     1>c:\users\dell\onedrive - bgs & sjb group of institutions and hospitals\documents\visual studio 2010\projects\224101063_digit_recognition\digit_recognition\digit_recognition.cpp(1104): warning C4996: 'sprintf': This function or variable may be unsafe. Consider using sprintf_s instead. To disable deprecation, use _CRT_SECURE_NO_WARNINGS. See online help for details.
                 c:\program files (x86)\microsoft visual studio 10.0\vc\include\stdio.h(371) : see declaration of 'sprintf'
     1>c:\users\dell\onedrive - bgs & sjb group of institutions and hospitals\documents\visual studio 2010\projects\224101063_digit_recognition\digit_recognition\digit_recognition.cpp(1105): warning C4996: 'strcpy': This function or variable may be unsafe. Consider using strcpy_s instead. To disable deprecation, use _CRT_SECURE_NO_WARNINGS. See online help for details.
                 c:\program files (x86)\microsoft visual studio 10.0\vc\include\string.h(105) : see declaration of 'strcpy'
     1>c:\users\dell\onedrive - bgs & sjb group of institutions and hospitals\documents\visual studio 2010\projects\224101063_digit_recognition\digit_recognition\digit_recognition.cpp(1106): warning C4996: 'strcat': This function or variable may be unsafe. Consider using strcat_s instead. To disable deprecation, use _CRT_SECURE_NO_WARNINGS. See online help for details.
                 c:\program files (x86)\microsoft visual studio 10.0\vc\include\string.h(110) : see declaration of 'strcat'
     1>c:\users\dell\onedrive - bgs & sjb group of institutions and hospitals\documents\visual studio 2010\projects\224101063_digit_recognition\digit_recognition\digit_recognition.cpp(1107): warning C4996: 'strcat': This function or variable may be unsafe. Consider using strcat_s instead. To disable deprecation, use _CRT_SECURE_NO_WARNINGS. See online help for details.
                 c:\program files (x86)\microsoft visual studio 10.0\vc\include\string.h(110) : see declaration of 'strcat'
     1>c:\users\dell\onedrive - bgs & sjb group of institutions and hospitals\documents\visual studio 2010\projects\224101063_digit_recognition\digit_recognition\digit_recognition.cpp(1108): warning C4996: 'strcat': This function or variable may be unsafe. Consider using strcat_s instead. To disable deprecation, use _CRT_SECURE_NO_WARNINGS. See online help for details.
                 c:\program files (x86)\microsoft visual studio 10.0\vc\include\string.h(110) : see declaration of 'strcat'
     1>c:\users\dell\onedrive - bgs & sjb group of institutions and hospitals\documents\visual studio 2010\projects\224101063_digit_recognition\digit_recognition\digit_recognition.cpp(1111): warning C4996: 'fopen': This function or variable may be unsafe. Consider using fopen_s instead. To disable deprecation, use _CRT_SECURE_NO_WARNINGS. See online help for details.
                 c:\program files (x86)\microsoft visual studio 10.0\vc\include\stdio.h(234) : see declaration of 'fopen'
     1>c:\users\dell\onedrive - bgs & sjb group of institutions and hospitals\documents\visual studio 2010\projects\224101063_digit_recognition\digit_recognition\digit_recognition.cpp(1118): warning C4996: 'fscanf': This function or variable may be unsafe. Consider using fscanf_s instead. To disable deprecation, use _CRT_SECURE_NO_WARNINGS. See online help for details.
                 c:\program files (x86)\microsoft visual studio 10.0\vc\include\stdio.h(253) : see declaration of 'fscanf'
     1>c:\users\dell\onedrive - bgs & sjb group of institutions and hospitals\documents\visual studio 2010\projects\224101063_digit_recognition\digit_recognition\digit_recognition.cpp(1124): warning C4996: 'fopen': This function or variable may be unsafe. Consider using fopen_s instead. To disable deprecation, use _CRT_SECURE_NO_WARNINGS. See online help for details.
                 c:\program files (x86)\microsoft visual studio 10.0\vc\include\stdio.h(234) : see declaration of 'fopen'
     1>c:\users\dell\onedrive - bgs & sjb group of institutions and hospitals\documents\visual studio 2010\projects\224101063_digit_recognition\digit_recognition\digit_recognition.cpp(1129): warning C4996: 'fscanf': This function or variable may be unsafe. Consider using fscanf_s instead. To disable deprecation, use _CRT_SECURE_NO_WARNINGS. See online help for details.
                 c:\program files (x86)\microsoft visual studio 10.0\vc\include\stdio.h(253) : see declaration of 'fscanf'
     1>c:\users\dell\onedrive - bgs & sjb group of institutions and hospitals\documents\visual studio 2010\projects\224101063_digit_recognition\digit_recognition\digit_recognition.cpp(1158): warning C4996: 'sprintf': This function or variable may be unsafe. Consider using sprintf_s instead. To disable deprecation, use _CRT_SECURE_NO_WARNINGS. See online help for details.
                 c:\program files (x86)\microsoft visual studio 10.0\vc\include\stdio.h(371) : see declaration of 'sprintf'
     1>c:\users\dell\onedrive - bgs & sjb group of institutions and hospitals\documents\visual studio 2010\projects\224101063_digit_recognition\digit_recognition\digit_recognition.cpp(1159): warning C4996: 'sprintf': This function or variable may be unsafe. Consider using sprintf_s instead. To disable deprecation, use _CRT_SECURE_NO_WARNINGS. See online help for details.
                 c:\program files (x86)\microsoft visual studio 10.0\vc\include\stdio.h(371) : see declaration of 'sprintf'
     1>c:\users\dell\onedrive - bgs & sjb group of institutions and hospitals\documents\visual studio 2010\projects\224101063_digit_recognition\digit_recognition\digit_recognition.cpp(1160): warning C4996: 'strcpy': This function or variable may be unsafe. Consider using strcpy_s instead. To disable deprecation, use _CRT_SECURE_NO_WARNINGS. See online help for details.
                 c:\program files (x86)\microsoft visual studio 10.0\vc\include\string.h(105) : see declaration of 'strcpy'
     1>c:\users\dell\onedrive - bgs & sjb group of institutions and hospitals\documents\visual studio 2010\projects\224101063_digit_recognition\digit_recognition\digit_recognition.cpp(1162): warning C4996: 'strcat': This function or variable may be unsafe. Consider using strcat_s instead. To disable deprecation, use _CRT_SECURE_NO_WARNINGS. See online help for details.
                 c:\program files (x86)\microsoft visual studio 10.0\vc\include\string.h(110) : see declaration of 'strcat'
     1>c:\users\dell\onedrive - bgs & sjb group of institutions and hospitals\documents\visual studio 2010\projects\224101063_digit_recognition\digit_recognition\digit_recognition.cpp(1163): warning C4996: 'strcat': This function or variable may be unsafe. Consider using strcat_s instead. To disable deprecation, use _CRT_SECURE_NO_WARNINGS. See online help for details.
                 c:\program files (x86)\microsoft visual studio 10.0\vc\include\string.h(110) : see declaration of 'strcat'
     1>c:\users\dell\onedrive - bgs & sjb group of institutions and hospitals\documents\visual studio 2010\projects\224101063_digit_recognition\digit_recognition\digit_recognition.cpp(1164): warning C4996: 'strcat': This function or variable may be unsafe. Consider using strcat_s instead. To disable deprecation, use _CRT_SECURE_NO_WARNINGS. See online help for details.
                 c:\program files (x86)\microsoft visual studio 10.0\vc\include\string.h(110) : see declaration of 'strcat'
     1>c:\users\dell\onedrive - bgs & sjb group of institutions and hospitals\documents\visual studio 2010\projects\224101063_digit_recognition\digit_recognition\digit_recognition.cpp(1165): warning C4996: 'strcat': This function or variable may be unsafe. Consider using strcat_s instead. To disable deprecation, use _CRT_SECURE_NO_WARNINGS. See online help for details.
                 c:\program files (x86)\microsoft visual studio 10.0\vc\include\string.h(110) : see declaration of 'strcat'
     1>c:\users\dell\onedrive - bgs & sjb group of institutions and hospitals\documents\visual studio 2010\projects\224101063_digit_recognition\digit_recognition\digit_recognition.cpp(1167): warning C4996: 'strcat': This function or variable may be unsafe. Consider using strcat_s instead. To disable deprecation, use _CRT_SECURE_NO_WARNINGS. See online help for details.
                 c:\program files (x86)\microsoft visual studio 10.0\vc\include\string.h(110) : see declaration of 'strcat'
     1>c:\users\dell\onedrive - bgs & sjb group of institutions and hospitals\documents\visual studio 2010\projects\224101063_digit_recognition\digit_recognition\digit_recognition.cpp(1168): warning C4996: 'strcat': This function or variable may be unsafe. Consider using strcat_s instead. To disable deprecation, use _CRT_SECURE_NO_WARNINGS. See online help for details.
                 c:\program files (x86)\microsoft visual studio 10.0\vc\include\string.h(110) : see declaration of 'strcat'
     1>c:\users\dell\onedrive - bgs & sjb group of institutions and hospitals\documents\visual studio 2010\projects\224101063_digit_recognition\digit_recognition\digit_recognition.cpp(1169): warning C4996: 'strcat': This function or variable may be unsafe. Consider using strcat_s instead. To disable deprecation, use _CRT_SECURE_NO_WARNINGS. See online help for details.
                 c:\program files (x86)\microsoft visual studio 10.0\vc\include\string.h(110) : see declaration of 'strcat'
     1>c:\users\dell\onedrive - bgs & sjb group of institutions and hospitals\documents\visual studio 2010\projects\224101063_digit_recognition\digit_recognition\digit_recognition.cpp(1218): warning C4996: 'sprintf': This function or variable may be unsafe. Consider using sprintf_s instead. To disable deprecation, use _CRT_SECURE_NO_WARNINGS. See online help for details.
                 c:\program files (x86)\microsoft visual studio 10.0\vc\include\stdio.h(371) : see declaration of 'sprintf'
     1>c:\users\dell\onedrive - bgs & sjb group of institutions and hospitals\documents\visual studio 2010\projects\224101063_digit_recognition\digit_recognition\digit_recognition.cpp(1219): warning C4996: 'sprintf': This function or variable may be unsafe. Consider using sprintf_s instead. To disable deprecation, use _CRT_SECURE_NO_WARNINGS. See online help for details.
                 c:\program files (x86)\microsoft visual studio 10.0\vc\include\stdio.h(371) : see declaration of 'sprintf'
     1>c:\users\dell\onedrive - bgs & sjb group of institutions and hospitals\documents\visual studio 2010\projects\224101063_digit_recognition\digit_recognition\digit_recognition.cpp(1220): warning C4996: 'strcpy': This function or variable may be unsafe. Consider using strcpy_s instead. To disable deprecation, use _CRT_SECURE_NO_WARNINGS. See online help for details.
                 c:\program files (x86)\microsoft visual studio 10.0\vc\include\string.h(105) : see declaration of 'strcpy'
     1>c:\users\dell\onedrive - bgs & sjb group of institutions and hospitals\documents\visual studio 2010\projects\224101063_digit_recognition\digit_recognition\digit_recognition.cpp(1222): warning C4996: 'strcat': This function or variable may be unsafe. Consider using strcat_s instead. To disable deprecation, use _CRT_SECURE_NO_WARNINGS. See online help for details.
                 c:\program files (x86)\microsoft visual studio 10.0\vc\include\string.h(110) : see declaration of 'strcat'
     1>c:\users\dell\onedrive - bgs & sjb group of institutions and hospitals\documents\visual studio 2010\projects\224101063_digit_recognition\digit_recognition\digit_recognition.cpp(1223): warning C4996: 'strcat': This function or variable may be unsafe. Consider using strcat_s instead. To disable deprecation, use _CRT_SECURE_NO_WARNINGS. See online help for details.
                 c:\program files (x86)\microsoft visual studio 10.0\vc\include\string.h(110) : see declaration of 'strcat'
     1>c:\users\dell\onedrive - bgs & sjb group of institutions and hospitals\documents\visual studio 2010\projects\224101063_digit_recognition\digit_recognition\digit_recognition.cpp(1224): warning C4996: 'strcat': This function or variable may be unsafe. Consider using strcat_s instead. To disable deprecation, use _CRT_SECURE_NO_WARNINGS. See online help for details.
                 c:\program files (x86)\microsoft visual studio 10.0\vc\include\string.h(110) : see declaration of 'strcat'
     1>c:\users\dell\onedrive - bgs & sjb group of institutions and hospitals\documents\visual studio 2010\projects\224101063_digit_recognition\digit_recognition\digit_recognition.cpp(1225): warning C4996: 'strcat': This function or variable may be unsafe. Consider using strcat_s instead. To disable deprecation, use _CRT_SECURE_NO_WARNINGS. See online help for details.
                 c:\program files (x86)\microsoft visual studio 10.0\vc\include\string.h(110) : see declaration of 'strcat'
     1>c:\users\dell\onedrive - bgs & sjb group of institutions and hospitals\documents\visual studio 2010\projects\224101063_digit_recognition\digit_recognition\digit_recognition.cpp(1227): warning C4996: 'strcat': This function or variable may be unsafe. Consider using strcat_s instead. To disable deprecation, use _CRT_SECURE_NO_WARNINGS. See online help for details.
                 c:\program files (x86)\microsoft visual studio 10.0\vc\include\string.h(110) : see declaration of 'strcat'
     1>c:\users\dell\onedrive - bgs & sjb group of institutions and hospitals\documents\visual studio 2010\projects\224101063_digit_recognition\digit_recognition\digit_recognition.cpp(1228): warning C4996: 'strcat': This function or variable may be unsafe. Consider using strcat_s instead. To disable deprecation, use _CRT_SECURE_NO_WARNINGS. See online help for details.
                 c:\program files (x86)\microsoft visual studio 10.0\vc\include\string.h(110) : see declaration of 'strcat'
     1>c:\users\dell\onedrive - bgs & sjb group of institutions and hospitals\documents\visual studio 2010\projects\224101063_digit_recognition\digit_recognition\digit_recognition.cpp(1229): warning C4996: 'strcat': This function or variable may be unsafe. Consider using strcat_s instead. To disable deprecation, use _CRT_SECURE_NO_WARNINGS. See online help for details.
                 c:\program files (x86)\microsoft visual studio 10.0\vc\include\string.h(110) : see declaration of 'strcat'
     1>c:\users\dell\onedrive - bgs & sjb group of institutions and hospitals\documents\visual studio 2010\projects\224101063_digit_recognition\digit_recognition\digit_recognition.cpp(1268): warning C4996: 'sprintf': This function or variable may be unsafe. Consider using sprintf_s instead. To disable deprecation, use _CRT_SECURE_NO_WARNINGS. See online help for details.
                 c:\program files (x86)\microsoft visual studio 10.0\vc\include\stdio.h(371) : see declaration of 'sprintf'
     1>c:\users\dell\onedrive - bgs & sjb group of institutions and hospitals\documents\visual studio 2010\projects\224101063_digit_recognition\digit_recognition\digit_recognition.cpp(1271): warning C4996: 'fopen': This function or variable may be unsafe. Consider using fopen_s instead. To disable deprecation, use _CRT_SECURE_NO_WARNINGS. See online help for details.
                 c:\program files (x86)\microsoft visual studio 10.0\vc\include\stdio.h(234) : see declaration of 'fopen'
     1>c:\users\dell\onedrive - bgs & sjb group of institutions and hospitals\documents\visual studio 2010\projects\224101063_digit_recognition\digit_recognition\digit_recognition.cpp(1272): warning C4996: 'fopen': This function or variable may be unsafe. Consider using fopen_s instead. To disable deprecation, use _CRT_SECURE_NO_WARNINGS. See online help for details.
                 c:\program files (x86)\microsoft visual studio 10.0\vc\include\stdio.h(234) : see declaration of 'fopen'
     1>c:\users\dell\onedrive - bgs & sjb group of institutions and hospitals\documents\visual studio 2010\projects\224101063_digit_recognition\digit_recognition\digit_recognition.cpp(1277): warning C4996: 'fscanf': This function or variable may be unsafe. Consider using fscanf_s instead. To disable deprecation, use _CRT_SECURE_NO_WARNINGS. See online help for details.
                 c:\program files (x86)\microsoft visual studio 10.0\vc\include\stdio.h(253) : see declaration of 'fscanf'
     1>c:\users\dell\onedrive - bgs & sjb group of institutions and hospitals\documents\visual studio 2010\projects\224101063_digit_recognition\digit_recognition\digit_recognition.cpp(1284): warning C4996: 'fscanf': This function or variable may be unsafe. Consider using fscanf_s instead. To disable deprecation, use _CRT_SECURE_NO_WARNINGS. See online help for details.
                 c:\program files (x86)\microsoft visual studio 10.0\vc\include\stdio.h(253) : see declaration of 'fscanf'
     1>c:\users\dell\onedrive - bgs & sjb group of institutions and hospitals\documents\visual studio 2010\projects\224101063_digit_recognition\digit_recognition\digit_recognition.cpp(1291): warning C4996: 'sprintf': This function or variable may be unsafe. Consider using sprintf_s instead. To disable deprecation, use _CRT_SECURE_NO_WARNINGS. See online help for details.
                 c:\program files (x86)\microsoft visual studio 10.0\vc\include\stdio.h(371) : see declaration of 'sprintf'
     1>c:\users\dell\onedrive - bgs & sjb group of institutions and hospitals\documents\visual studio 2010\projects\224101063_digit_recognition\digit_recognition\digit_recognition.cpp(1323): warning C4996: 'scanf': This function or variable may be unsafe. Consider using scanf_s instead. To disable deprecation, use _CRT_SECURE_NO_WARNINGS. See online help for details.
                 c:\program files (x86)\microsoft visual studio 10.0\vc\include\stdio.h(304) : see declaration of 'scanf'
       ManifestResourceCompile:
         All outputs are up-to-date.
       Link:
         c:\Program Files (x86)\Microsoft Visual Studio 10.0\VC\bin\link.exe /ERRORREPORT:PROMPT /OUT:"C:\Users\DELL\OneDrive - BGS & SJB GROUP OF INSTITUTIONS AND HOSPITALS\Documents\Visual Studio 2010\Projects\224101063_digit_recognition\Debug\digit_recognition.exe" /INCREMENTAL /NOLOGO kernel32.lib user32.lib gdi32.lib winspool.lib comdlg32.lib advapi32.lib shell32.lib ole32.lib oleaut32.lib uuid.lib odbc32.lib odbccp32.lib /MANIFEST /ManifestFile:"Debug\digit_recognition.exe.intermediate.manifest" /MANIFESTUAC:"level='asInvoker' uiAccess='false'" /DEBUG /PDB:"C:\Users\DELL\OneDrive - BGS & SJB GROUP OF INSTITUTIONS AND HOSPITALS\Documents\Visual Studio 2010\Projects\224101063_digit_recognition\Debug\digit_recognition.pdb" /SUBSYSTEM:CONSOLE /TLBID:1 /DYNAMICBASE /NXCOMPAT /IMPLIB:"C:\Users\DELL\OneDrive - BGS & SJB GROUP OF INSTITUTIONS AND HOSPITALS\Documents\Visual Studio 2010\Projects\224101063_digit_recognition\Debug\digit_recognition.lib" /MACHINE:X86 Debug\digit_recognition.exe.embed.manifest.res
         Debug\digit_recognition.obj
         Debug\stdafx.obj
       Manifest:
         c:\Program Files (x86)\Microsoft SDKs\Windows\v7.0A\bin\mt.exe /nologo /verbose /out:"Debug\digit_recognition.exe.embed.manifest" /manifest Debug\digit_recognition.exe.intermediate.manifest
         All outputs are up-to-date.
       LinkEmbedManifest:
         All outputs are up-to-date.
         digit_recognition.vcxproj -> C:\Users\DELL\OneDrive - BGS & SJB GROUP OF INSTITUTIONS AND HOSPITALS\Documents\Visual Studio 2010\Projects\224101063_digit_recognition\Debug\digit_recognition.exe
       FinalizeBuildStatus:
         Deleting file "Debug\digit_recognition.unsuccessfulbuild".
         Touching "Debug\digit_recognition.lastbuildstate".
     1>Done Building Project "C:\Users\DELL\OneDrive - BGS & SJB GROUP OF INSTITUTIONS AND HOSPITALS\Documents\Visual Studio 2010\Projects\224101063_digit_recognition\digit_recognition\digit_recognition.vcxproj" (build target(s)).

Build succeeded.

Time Elapsed 00:00:08.25
